<?xml version="1.0" encoding="UTF-8"?>
<testng-results skipped="0" failed="0" ignored="0" total="1" passed="1">
  <reporter-output>
  </reporter-output>
  <suite name="Suite" duration-ms="13540" started-at="2020-09-20T22:06:41 IST" finished-at="2020-09-20T22:06:55 IST">
    <groups>
    </groups>
    <test name="Test" duration-ms="13540" started-at="2020-09-20T22:06:41 IST" finished-at="2020-09-20T22:06:55 IST">
      <class name="com.test.DemoA">
        <test-method status="PASS" signature="testBrowser()[pri:0, instance:com.test.DemoA@71318ec4]" name="testBrowser" duration-ms="13474" started-at="2020-09-20T22:06:41 IST" finished-at="2020-09-20T22:06:55 IST">
          <reporter-output>
          </reporter-output>
        </test-method> <!-- testBrowser -->
      </class> <!-- com.test.DemoA -->
    </test> <!-- Test -->
  </suite> <!-- Suite -->
</testng-results>
